<?xml version="1.0" encoding="UTF-8"?>
<testng-results skipped="0" failed="0" ignored="0" total="1" passed="1">
  <reporter-output>
  </reporter-output>
  <suite name="Default suite" duration-ms="19968" started-at="2020-11-12T17:06:55 IST" finished-at="2020-11-12T17:07:15 IST">
    <groups>
    </groups>
    <test name="Default test" duration-ms="19968" started-at="2020-11-12T17:06:55 IST" finished-at="2020-11-12T17:07:15 IST">
      <class name="Record1">
        <test-method status="PASS" signature="setUp()[pri:0, instance:Record1@4923ab24]" name="setUp" is-config="true" duration-ms="6333" started-at="2020-11-12T17:06:55 IST" finished-at="2020-11-12T17:07:01 IST">
          <reporter-output>
          </reporter-output>
        </test-method> <!-- setUp -->
        <test-method status="PASS" signature="testRecord()[pri:0, instance:Record1@4923ab24]" name="testRecord" duration-ms="12211" started-at="2020-11-12T17:07:01 IST" finished-at="2020-11-12T17:07:13 IST">
          <reporter-output>
          </reporter-output>
        </test-method> <!-- testRecord -->
        <test-method status="PASS" signature="tearDown()[pri:0, instance:Record1@4923ab24]" name="tearDown" is-config="true" duration-ms="1393" started-at="2020-11-12T17:07:13 IST" finished-at="2020-11-12T17:07:15 IST">
          <reporter-output>
          </reporter-output>
        </test-method> <!-- tearDown -->
      </class> <!-- Record1 -->
    </test> <!-- Default test -->
  </suite> <!-- Default suite -->
</testng-results>
